2021-09-29 13:44:48.609  INFO 11609 --- [restartedMain] c.a.p.a.a.PhotoAppApiAlbumsApplication   : No active profile set, falling back to default profiles: default
2021-09-29 13:44:53.193  WARN 11609 --- [restartedMain] o.s.boot.actuate.endpoint.EndpointId     : Endpoint ID 'service-registry' contains invalid characters, please migrate to a valid format.
2021-09-29 13:44:54.041  INFO 11609 --- [restartedMain] o.s.cloud.context.scope.GenericScope     : BeanFactory id=89ab7fb8-937e-3ce1-9610-146928291514
2021-09-29 13:44:54.618  INFO 11609 --- [restartedMain] trationDelegate$BeanPostProcessorChecker : Bean 'org.springframework.cloud.autoconfigure.ConfigurationPropertiesRebinderAutoConfiguration' of type [org.springframework.cloud.autoconfigure.ConfigurationPropertiesRebinderAutoConfiguration$$EnhancerBySpringCGLIB$$4e1b74fb] is not eligible for getting processed by all BeanPostProcessors (for example: not eligible for auto-proxying)
2021-09-29 13:44:57.970  INFO 11609 --- [restartedMain] o.s.b.w.embedded.tomcat.TomcatWebServer  : Tomcat initialized with port(s): 0 (http)
2021-09-29 13:44:58.088  INFO 11609 --- [restartedMain] o.apache.catalina.core.StandardService   : Starting service [Tomcat]
2021-09-29 13:44:58.089  INFO 11609 --- [restartedMain] org.apache.catalina.core.StandardEngine  : Starting Servlet engine: [Apache Tomcat/9.0.14]
2021-09-29 13:44:58.138  INFO 11609 --- [restartedMain] o.a.catalina.core.AprLifecycleListener   : The APR based Apache Tomcat Native library which allows optimal performance in production environments was not found on the java.library.path: [/Users/sathyagundoji/Library/Java/Extensions:/Library/Java/Extensions:/Network/Library/Java/Extensions:/System/Library/Java/Extensions:/usr/lib/java:.]
2021-09-29 13:44:58.618  INFO 11609 --- [restartedMain] o.a.c.c.C.[Tomcat].[localhost].[/]       : Initializing Spring embedded WebApplicationContext
2021-09-29 13:44:58.619  INFO 11609 --- [restartedMain] o.s.web.context.ContextLoader            : Root WebApplicationContext: initialization completed in 9921 ms
2021-09-29 13:44:59.063  WARN 11609 --- [restartedMain] c.n.c.sources.URLConfigurationSource     : No URLs will be polled as dynamic configuration sources.
2021-09-29 13:44:59.064  INFO 11609 --- [restartedMain] c.n.c.sources.URLConfigurationSource     : To enable URLs as dynamic configuration sources, define System property archaius.configurationSource.additionalUrls or make config.properties available on classpath.
2021-09-29 13:44:59.126  INFO 11609 --- [restartedMain] c.netflix.config.DynamicPropertyFactory  : DynamicPropertyFactory is initialized with configuration sources: com.netflix.config.ConcurrentCompositeConfiguration@1987fcb8
2021-09-29 13:45:00.400  WARN 11609 --- [restartedMain] c.n.c.sources.URLConfigurationSource     : No URLs will be polled as dynamic configuration sources.
2021-09-29 13:45:00.401  INFO 11609 --- [restartedMain] c.n.c.sources.URLConfigurationSource     : To enable URLs as dynamic configuration sources, define System property archaius.configurationSource.additionalUrls or make config.properties available on classpath.
2021-09-29 13:45:00.872  INFO 11609 --- [restartedMain] o.s.s.concurrent.ThreadPoolTaskExecutor  : Initializing ExecutorService 'applicationTaskExecutor'
2021-09-29 13:45:01.950  WARN 11609 --- [restartedMain] o.s.b.d.a.OptionalLiveReloadServer       : Unable to start LiveReload server
2021-09-29 13:45:02.250  INFO 11609 --- [restartedMain] o.s.b.a.e.web.EndpointLinksResolver      : Exposing 2 endpoint(s) beneath base path '/actuator'
2021-09-29 13:45:02.546  INFO 11609 --- [restartedMain] o.s.b.w.embedded.tomcat.TomcatWebServer  : Tomcat started on port(s): 49584 (http) with context path ''
2021-09-29 13:45:02.549  INFO 11609 --- [restartedMain] .s.c.n.e.s.EurekaAutoServiceRegistration : Updating port to 49584
2021-09-29 13:45:02.563  INFO 11609 --- [restartedMain] o.s.c.n.eureka.InstanceInfoFactory       : Setting initial instance status as: STARTING
2021-09-29 13:45:02.702  INFO 11609 --- [restartedMain] com.netflix.discovery.DiscoveryClient    : Initializing Eureka in region us-east-1
2021-09-29 13:45:03.223  INFO 11609 --- [restartedMain] c.n.d.provider.DiscoveryJerseyProvider   : Using JSON encoding codec LegacyJacksonJson
2021-09-29 13:45:03.223  INFO 11609 --- [restartedMain] c.n.d.provider.DiscoveryJerseyProvider   : Using JSON decoding codec LegacyJacksonJson
2021-09-29 13:45:03.782  INFO 11609 --- [restartedMain] c.n.d.provider.DiscoveryJerseyProvider   : Using XML encoding codec XStreamXml
2021-09-29 13:45:03.783  INFO 11609 --- [restartedMain] c.n.d.provider.DiscoveryJerseyProvider   : Using XML decoding codec XStreamXml
2021-09-29 13:45:04.175  INFO 11609 --- [restartedMain] c.n.d.s.r.aws.ConfigClusterResolver      : Resolving eureka endpoints via configuration
2021-09-29 13:45:04.240  INFO 11609 --- [restartedMain] com.netflix.discovery.DiscoveryClient    : Disable delta property : false
2021-09-29 13:45:04.241  INFO 11609 --- [restartedMain] com.netflix.discovery.DiscoveryClient    : Single vip registry refresh property : null
2021-09-29 13:45:04.241  INFO 11609 --- [restartedMain] com.netflix.discovery.DiscoveryClient    : Force full registry fetch : false
2021-09-29 13:45:04.241  INFO 11609 --- [restartedMain] com.netflix.discovery.DiscoveryClient    : Application is null : false
2021-09-29 13:45:04.241  INFO 11609 --- [restartedMain] com.netflix.discovery.DiscoveryClient    : Registered Applications size is zero : true
2021-09-29 13:45:04.242  INFO 11609 --- [restartedMain] com.netflix.discovery.DiscoveryClient    : Application version is -1: true
2021-09-29 13:45:04.242  INFO 11609 --- [restartedMain] com.netflix.discovery.DiscoveryClient    : Getting all instance registry info from the eureka server
2021-09-29 13:45:04.801  INFO 11609 --- [restartedMain] com.netflix.discovery.DiscoveryClient    : The response status is 200
2021-09-29 13:45:04.809  INFO 11609 --- [restartedMain] com.netflix.discovery.DiscoveryClient    : Starting heartbeat executor: renew interval is: 30
2021-09-29 13:45:04.813  INFO 11609 --- [restartedMain] c.n.discovery.InstanceInfoReplicator     : InstanceInfoReplicator onDemand update allowed rate per min is 4
2021-09-29 13:45:04.819  INFO 11609 --- [restartedMain] com.netflix.discovery.DiscoveryClient    : Discovery Client initialized at timestamp 1632903304817 with initial instances count: 0
2021-09-29 13:45:04.821  INFO 11609 --- [restartedMain] o.s.c.n.e.s.EurekaServiceRegistry        : Registering application ALBUMS-WS with eureka with status UP
2021-09-29 13:45:04.823  INFO 11609 --- [restartedMain] com.netflix.discovery.DiscoveryClient    : Saw local status change event StatusChangeEvent [timestamp=1632903304823, current=UP, previous=STARTING]
2021-09-29 13:45:04.828  INFO 11609 --- [DiscoveryClient-InstanceInfoReplicator-0] com.netflix.discovery.DiscoveryClient    : DiscoveryClient_ALBUMS-WS/albums-ws:5cd7bfc64e403b3b7a468f54e4e90d16: registering service...
2021-09-29 13:45:04.847  INFO 11609 --- [restartedMain] c.a.p.a.a.PhotoAppApiAlbumsApplication   : Started PhotoAppApiAlbumsApplication in 25.366 seconds (JVM running for 27.644)
2021-09-29 13:45:05.131  INFO 11609 --- [DiscoveryClient-InstanceInfoReplicator-0] com.netflix.discovery.DiscoveryClient    : DiscoveryClient_ALBUMS-WS/albums-ws:5cd7bfc64e403b3b7a468f54e4e90d16 - registration status: 204
2021-09-29 13:45:34.812  INFO 11609 --- [DiscoveryClient-CacheRefreshExecutor-0] com.netflix.discovery.DiscoveryClient    : Disable delta property : false
2021-09-29 13:45:34.814  INFO 11609 --- [DiscoveryClient-CacheRefreshExecutor-0] com.netflix.discovery.DiscoveryClient    : Single vip registry refresh property : null
2021-09-29 13:45:34.815  INFO 11609 --- [DiscoveryClient-CacheRefreshExecutor-0] com.netflix.discovery.DiscoveryClient    : Force full registry fetch : false
2021-09-29 13:45:34.816  INFO 11609 --- [DiscoveryClient-CacheRefreshExecutor-0] com.netflix.discovery.DiscoveryClient    : Application is null : false
2021-09-29 13:45:34.817  INFO 11609 --- [DiscoveryClient-CacheRefreshExecutor-0] com.netflix.discovery.DiscoveryClient    : Registered Applications size is zero : true
2021-09-29 13:45:34.817  INFO 11609 --- [DiscoveryClient-CacheRefreshExecutor-0] com.netflix.discovery.DiscoveryClient    : Application version is -1: false
2021-09-29 13:45:34.817  INFO 11609 --- [DiscoveryClient-CacheRefreshExecutor-0] com.netflix.discovery.DiscoveryClient    : Getting all instance registry info from the eureka server
2021-09-29 13:45:35.012  INFO 11609 --- [DiscoveryClient-CacheRefreshExecutor-0] com.netflix.discovery.DiscoveryClient    : The response status is 200
2021-09-29 13:50:04.254  INFO 11609 --- [AsyncResolver-bootstrap-executor-0] c.n.d.s.r.aws.ConfigClusterResolver      : Resolving eureka endpoints via configuration
2021-09-29 13:50:51.852  INFO 11609 --- [http-nio-auto-1-exec-1] o.a.c.c.C.[Tomcat].[localhost].[/]       : Initializing Spring DispatcherServlet 'dispatcherServlet'
2021-09-29 13:50:51.854  INFO 11609 --- [http-nio-auto-1-exec-1] o.s.web.servlet.DispatcherServlet        : Initializing Servlet 'dispatcherServlet'
2021-09-29 13:50:51.904  INFO 11609 --- [http-nio-auto-1-exec-1] o.s.web.servlet.DispatcherServlet        : Completed initialization in 49 ms
2021-09-29 13:50:52.169  INFO 11609 --- [http-nio-auto-1-exec-1] c.a.p.a.a.i.c.AlbumsController           : Returning 2 albums
2021-09-29 13:52:35.912  INFO 11609 --- [Thread-11] o.s.c.n.e.s.EurekaServiceRegistry        : Unregistering application ALBUMS-WS with eureka with status DOWN
2021-09-29 13:52:35.912  WARN 11609 --- [Thread-11] com.netflix.discovery.DiscoveryClient    : Saw local status change event StatusChangeEvent [timestamp=1632903755912, current=DOWN, previous=UP]
2021-09-29 13:52:35.914  INFO 11609 --- [DiscoveryClient-InstanceInfoReplicator-0] com.netflix.discovery.DiscoveryClient    : DiscoveryClient_ALBUMS-WS/albums-ws:5cd7bfc64e403b3b7a468f54e4e90d16: registering service...
2021-09-29 13:52:35.929  INFO 11609 --- [DiscoveryClient-InstanceInfoReplicator-0] com.netflix.discovery.DiscoveryClient    : DiscoveryClient_ALBUMS-WS/albums-ws:5cd7bfc64e403b3b7a468f54e4e90d16 - registration status: 204
2021-09-29 13:52:35.931  INFO 11609 --- [Thread-11] o.s.s.concurrent.ThreadPoolTaskExecutor  : Shutting down ExecutorService 'applicationTaskExecutor'
2021-09-29 13:52:35.949  INFO 11609 --- [Thread-11] com.netflix.discovery.DiscoveryClient    : Shutting down DiscoveryClient ...
2021-09-29 13:52:38.957  INFO 11609 --- [Thread-11] com.netflix.discovery.DiscoveryClient    : Unregistering ...
2021-09-29 13:52:38.970  INFO 11609 --- [Thread-11] com.netflix.discovery.DiscoveryClient    : DiscoveryClient_ALBUMS-WS/albums-ws:5cd7bfc64e403b3b7a468f54e4e90d16 - deregister  status: 200
2021-09-29 13:52:38.999  INFO 11609 --- [Thread-11] com.netflix.discovery.DiscoveryClient    : Completed shut down of DiscoveryClient
2021-09-29 18:03:53.506  INFO 21338 --- [restartedMain] c.a.p.a.a.PhotoAppApiAlbumsApplication   : No active profile set, falling back to default profiles: default
2021-09-29 18:03:56.971  WARN 21338 --- [restartedMain] o.s.boot.actuate.endpoint.EndpointId     : Endpoint ID 'service-registry' contains invalid characters, please migrate to a valid format.
2021-09-29 18:03:57.697  INFO 21338 --- [restartedMain] o.s.cloud.context.scope.GenericScope     : BeanFactory id=89ab7fb8-937e-3ce1-9610-146928291514
2021-09-29 18:03:58.218  INFO 21338 --- [restartedMain] trationDelegate$BeanPostProcessorChecker : Bean 'org.springframework.cloud.autoconfigure.ConfigurationPropertiesRebinderAutoConfiguration' of type [org.springframework.cloud.autoconfigure.ConfigurationPropertiesRebinderAutoConfiguration$$EnhancerBySpringCGLIB$$85a8e3cc] is not eligible for getting processed by all BeanPostProcessors (for example: not eligible for auto-proxying)
2021-09-29 18:04:00.856  INFO 21338 --- [restartedMain] o.s.b.w.embedded.tomcat.TomcatWebServer  : Tomcat initialized with port(s): 0 (http)
2021-09-29 18:04:00.959  INFO 21338 --- [restartedMain] o.apache.catalina.core.StandardService   : Starting service [Tomcat]
2021-09-29 18:04:00.960  INFO 21338 --- [restartedMain] org.apache.catalina.core.StandardEngine  : Starting Servlet engine: [Apache Tomcat/9.0.14]
2021-09-29 18:04:01.015  INFO 21338 --- [restartedMain] o.a.catalina.core.AprLifecycleListener   : The APR based Apache Tomcat Native library which allows optimal performance in production environments was not found on the java.library.path: [/Users/sathyagundoji/Library/Java/Extensions:/Library/Java/Extensions:/Network/Library/Java/Extensions:/System/Library/Java/Extensions:/usr/lib/java:.]
2021-09-29 18:04:01.264  INFO 21338 --- [restartedMain] o.a.c.c.C.[Tomcat].[localhost].[/]       : Initializing Spring embedded WebApplicationContext
2021-09-29 18:04:01.265  INFO 21338 --- [restartedMain] o.s.web.context.ContextLoader            : Root WebApplicationContext: initialization completed in 7709 ms
2021-09-29 18:04:01.587  WARN 21338 --- [restartedMain] c.n.c.sources.URLConfigurationSource     : No URLs will be polled as dynamic configuration sources.
2021-09-29 18:04:01.588  INFO 21338 --- [restartedMain] c.n.c.sources.URLConfigurationSource     : To enable URLs as dynamic configuration sources, define System property archaius.configurationSource.additionalUrls or make config.properties available on classpath.
2021-09-29 18:04:01.644  INFO 21338 --- [restartedMain] c.netflix.config.DynamicPropertyFactory  : DynamicPropertyFactory is initialized with configuration sources: com.netflix.config.ConcurrentCompositeConfiguration@2e56ac95
2021-09-29 18:04:03.245  WARN 21338 --- [restartedMain] c.n.c.sources.URLConfigurationSource     : No URLs will be polled as dynamic configuration sources.
2021-09-29 18:04:03.246  INFO 21338 --- [restartedMain] c.n.c.sources.URLConfigurationSource     : To enable URLs as dynamic configuration sources, define System property archaius.configurationSource.additionalUrls or make config.properties available on classpath.
2021-09-29 18:04:03.618  INFO 21338 --- [restartedMain] o.s.s.concurrent.ThreadPoolTaskExecutor  : Initializing ExecutorService 'applicationTaskExecutor'
2021-09-29 18:04:04.980  WARN 21338 --- [restartedMain] o.s.b.d.a.OptionalLiveReloadServer       : Unable to start LiveReload server
2021-09-29 18:04:05.239  INFO 21338 --- [restartedMain] o.s.b.a.e.web.EndpointLinksResolver      : Exposing 2 endpoint(s) beneath base path '/actuator'
2021-09-29 18:04:05.458  INFO 21338 --- [restartedMain] o.s.b.w.embedded.tomcat.TomcatWebServer  : Tomcat started on port(s): 49759 (http) with context path ''
2021-09-29 18:04:05.459  INFO 21338 --- [restartedMain] .s.c.n.e.s.EurekaAutoServiceRegistration : Updating port to 49759
2021-09-29 18:04:05.477  INFO 21338 --- [restartedMain] o.s.c.n.eureka.InstanceInfoFactory       : Setting initial instance status as: STARTING
2021-09-29 18:04:05.575  INFO 21338 --- [restartedMain] com.netflix.discovery.DiscoveryClient    : Initializing Eureka in region us-east-1
2021-09-29 18:04:06.135  INFO 21338 --- [restartedMain] c.n.d.provider.DiscoveryJerseyProvider   : Using JSON encoding codec LegacyJacksonJson
2021-09-29 18:04:06.137  INFO 21338 --- [restartedMain] c.n.d.provider.DiscoveryJerseyProvider   : Using JSON decoding codec LegacyJacksonJson
2021-09-29 18:04:06.659  INFO 21338 --- [restartedMain] c.n.d.provider.DiscoveryJerseyProvider   : Using XML encoding codec XStreamXml
2021-09-29 18:04:06.659  INFO 21338 --- [restartedMain] c.n.d.provider.DiscoveryJerseyProvider   : Using XML decoding codec XStreamXml
2021-09-29 18:04:07.189  INFO 21338 --- [restartedMain] c.n.d.s.r.aws.ConfigClusterResolver      : Resolving eureka endpoints via configuration
2021-09-29 18:04:07.237  INFO 21338 --- [restartedMain] com.netflix.discovery.DiscoveryClient    : Disable delta property : false
2021-09-29 18:04:07.237  INFO 21338 --- [restartedMain] com.netflix.discovery.DiscoveryClient    : Single vip registry refresh property : null
2021-09-29 18:04:07.238  INFO 21338 --- [restartedMain] com.netflix.discovery.DiscoveryClient    : Force full registry fetch : false
2021-09-29 18:04:07.238  INFO 21338 --- [restartedMain] com.netflix.discovery.DiscoveryClient    : Application is null : false
2021-09-29 18:04:07.238  INFO 21338 --- [restartedMain] com.netflix.discovery.DiscoveryClient    : Registered Applications size is zero : true
2021-09-29 18:04:07.238  INFO 21338 --- [restartedMain] com.netflix.discovery.DiscoveryClient    : Application version is -1: true
2021-09-29 18:04:07.239  INFO 21338 --- [restartedMain] com.netflix.discovery.DiscoveryClient    : Getting all instance registry info from the eureka server
2021-09-29 18:04:08.090  INFO 21338 --- [restartedMain] com.netflix.discovery.DiscoveryClient    : The response status is 200
2021-09-29 18:04:08.095  INFO 21338 --- [restartedMain] com.netflix.discovery.DiscoveryClient    : Starting heartbeat executor: renew interval is: 30
2021-09-29 18:04:08.104  INFO 21338 --- [restartedMain] c.n.discovery.InstanceInfoReplicator     : InstanceInfoReplicator onDemand update allowed rate per min is 4
2021-09-29 18:04:08.109  INFO 21338 --- [restartedMain] com.netflix.discovery.DiscoveryClient    : Discovery Client initialized at timestamp 1632918848108 with initial instances count: 1
2021-09-29 18:04:08.111  INFO 21338 --- [restartedMain] o.s.c.n.e.s.EurekaServiceRegistry        : Registering application ALBUMS-WS with eureka with status UP
2021-09-29 18:04:08.112  INFO 21338 --- [restartedMain] com.netflix.discovery.DiscoveryClient    : Saw local status change event StatusChangeEvent [timestamp=1632918848112, current=UP, previous=STARTING]
2021-09-29 18:04:08.116  INFO 21338 --- [DiscoveryClient-InstanceInfoReplicator-0] com.netflix.discovery.DiscoveryClient    : DiscoveryClient_ALBUMS-WS/albums-ws:ecb03316dc897ca635e1e4f199cfda3a: registering service...
2021-09-29 18:04:08.137  INFO 21338 --- [restartedMain] c.a.p.a.a.PhotoAppApiAlbumsApplication   : Started PhotoAppApiAlbumsApplication in 24.625 seconds (JVM running for 28.035)
2021-09-29 18:04:08.197  INFO 21338 --- [DiscoveryClient-InstanceInfoReplicator-0] com.netflix.discovery.DiscoveryClient    : DiscoveryClient_ALBUMS-WS/albums-ws:ecb03316dc897ca635e1e4f199cfda3a - registration status: 204
2021-09-29 18:07:25.504  INFO 21338 --- [http-nio-auto-1-exec-1] o.a.c.c.C.[Tomcat].[localhost].[/]       : Initializing Spring DispatcherServlet 'dispatcherServlet'
2021-09-29 18:07:25.507  INFO 21338 --- [http-nio-auto-1-exec-1] o.s.web.servlet.DispatcherServlet        : Initializing Servlet 'dispatcherServlet'
2021-09-29 18:07:25.551  INFO 21338 --- [http-nio-auto-1-exec-1] o.s.web.servlet.DispatcherServlet        : Completed initialization in 44 ms
2021-09-29 18:07:25.831  INFO 21338 --- [http-nio-auto-1-exec-1] c.a.p.a.a.i.c.AlbumsController           : Returning 2 albums
2021-09-29 18:09:07.246  INFO 21338 --- [AsyncResolver-bootstrap-executor-0] c.n.d.s.r.aws.ConfigClusterResolver      : Resolving eureka endpoints via configuration
2021-09-29 18:11:43.040  INFO 21338 --- [http-nio-auto-1-exec-3] c.a.p.a.a.i.c.AlbumsController           : Returning 2 albums
2021-09-29 18:14:07.253  INFO 21338 --- [AsyncResolver-bootstrap-executor-0] c.n.d.s.r.aws.ConfigClusterResolver      : Resolving eureka endpoints via configuration
2021-09-29 18:19:07.265  INFO 21338 --- [AsyncResolver-bootstrap-executor-0] c.n.d.s.r.aws.ConfigClusterResolver      : Resolving eureka endpoints via configuration
2021-09-29 18:19:22.824  INFO 21338 --- [http-nio-auto-1-exec-5] c.a.p.a.a.i.c.AlbumsController           : Returning 2 albums
2021-09-29 18:20:31.286  INFO 21338 --- [http-nio-auto-1-exec-7] c.a.p.a.a.i.c.AlbumsController           : Returning 2 albums
2021-09-29 18:24:07.276  INFO 21338 --- [AsyncResolver-bootstrap-executor-0] c.n.d.s.r.aws.ConfigClusterResolver      : Resolving eureka endpoints via configuration
2021-09-29 18:25:18.849  INFO 21338 --- [http-nio-auto-1-exec-9] c.a.p.a.a.i.c.AlbumsController           : Returning 2 albums
2021-09-29 18:25:54.685  INFO 21338 --- [Thread-11] o.s.c.n.e.s.EurekaServiceRegistry        : Unregistering application ALBUMS-WS with eureka with status DOWN
2021-09-29 18:25:54.685  WARN 21338 --- [Thread-11] com.netflix.discovery.DiscoveryClient    : Saw local status change event StatusChangeEvent [timestamp=1632920154685, current=DOWN, previous=UP]
2021-09-29 18:25:54.687  INFO 21338 --- [DiscoveryClient-InstanceInfoReplicator-0] com.netflix.discovery.DiscoveryClient    : DiscoveryClient_ALBUMS-WS/albums-ws:ecb03316dc897ca635e1e4f199cfda3a: registering service...
2021-09-29 18:25:54.699  INFO 21338 --- [DiscoveryClient-InstanceInfoReplicator-0] com.netflix.discovery.DiscoveryClient    : DiscoveryClient_ALBUMS-WS/albums-ws:ecb03316dc897ca635e1e4f199cfda3a - registration status: 204
2021-09-29 18:25:54.731  INFO 21338 --- [Thread-11] o.s.s.concurrent.ThreadPoolTaskExecutor  : Shutting down ExecutorService 'applicationTaskExecutor'
2021-09-29 18:25:54.753  INFO 21338 --- [Thread-11] com.netflix.discovery.DiscoveryClient    : Shutting down DiscoveryClient ...
2021-09-29 18:25:57.763  INFO 21338 --- [Thread-11] com.netflix.discovery.DiscoveryClient    : Unregistering ...
2021-09-29 18:25:57.776  INFO 21338 --- [Thread-11] com.netflix.discovery.DiscoveryClient    : DiscoveryClient_ALBUMS-WS/albums-ws:ecb03316dc897ca635e1e4f199cfda3a - deregister  status: 200
2021-09-29 18:25:57.825  INFO 21338 --- [Thread-11] com.netflix.discovery.DiscoveryClient    : Completed shut down of DiscoveryClient
